Arguments: 
  C:\Program Files\nodejs\node.exe C:\Program Files (x86)\Yarn\bin\yarn.js add -D @void/vue-markdown-loader

PATH: 
  C:\Program Files (x86)\Intel\iCLS Client\;C:\Program Files\Intel\iCLS Client\;C:\Windows\system32;C:\Windows;C:\Windows\System32\Wbem;C:\Windows\System32\WindowsPowerShell\v1.0\;C:\Program Files (x86)\Intel\Intel(R) Management Engine Components\DAL;C:\Program Files\Intel\Intel(R) Management Engine Components\DAL;C:\Program Files (x86)\Intel\Intel(R) Management Engine Components\IPT;C:\Program Files\Intel\Intel(R) Management Engine Components\IPT;C:\Program Files (x86)\NVIDIA Corporation\PhysX\Common;C:\WINDOWS\system32;C:\WINDOWS;C:\WINDOWS\System32\Wbem;C:\WINDOWS\System32\WindowsPowerShell\v1.0\;C:\Program Files (x86)\CodeBlocks\MinGW;C:\MinGW\bin;C:\MinGW\dir;C:\WINDOWS\System32\OpenSSH\;C:\Program Files (x86)\Microsoft VS Code\bin;C:\Program Files\PuTTY\;C:\Program Files\Git\cmd;C:\ProgramData\chocolatey\bin;C:\Program Files (x86)\Windows Kits\10\Windows Performance Toolkit\;C:\WINDOWS\system32\config\systemprofile\.dnx\bin;C:\Program Files\Microsoft DNX\Dnvm\;C:\Program Files\Microsoft SQL Server\130\Tools\Binn\;C:\Program Files\nodejs\;C:\Program Files (x86)\Yarn\bin\;C:\Ruby24-x64\bin;C:\Users\Misterlinux\.cargo\bin;xPATHx;C:\Program Files (x86)\CodeBlocks\MinGW;C:\MinGW\bin;C:\MinGW\dir;;C:\Users\Misterlinux\AppData\Local\Microsoft\WindowsApps;C:\Users\Misterlinux\AppData\Local\.meteor;C:\Exercism;C:\Users\Misterlinux\AppData\Roaming\npm;C:\Users\Misterlinux\AppData\Local\Yarn\bin

Yarn version: 
  1.17.3

Node version: 
  12.4.0

Platform: 
  win32 x64

Trace: 
  Error: https://registry.yarnpkg.com/@void%2fvue-markdown-loader: Not found
      at Request.params.callback [as _callback] (C:\Program Files (x86)\Yarn\lib\cli.js:65939:18)
      at Request.self.callback (C:\Program Files (x86)\Yarn\lib\cli.js:140464:22)
      at Request.emit (events.js:200:13)
      at Request.<anonymous> (C:\Program Files (x86)\Yarn\lib\cli.js:141436:10)
      at Request.emit (events.js:200:13)
      at IncomingMessage.<anonymous> (C:\Program Files (x86)\Yarn\lib\cli.js:141358:12)
      at Object.onceWrapper (events.js:288:20)
      at IncomingMessage.emit (events.js:205:15)
      at endReadableNT (_stream_readable.js:1154:12)
      at processTicksAndRejections (internal/process/task_queues.js:84:9)

npm manifest: 
  {
    "name": "routando",
    "version": "0.1.0",
    "private": true,
    "scripts": {
      "serve": "vue-cli-service serve",
      "build": "vue-cli-service build",
      "lint": "vue-cli-service lint"
    },
    "dependencies": {
      "@huiji/vue-markdown-loader": "^1.0.3",
      "bootstrap": "^4.3.1",
      "bootstrap-vue": "^2.0.4",
      "core-js": "^2.6.5",
      "jquery": "^3.4.1",
      "popper.js": "^1.15.0",
      "vue": "^2.6.10",
      "vue-headful": "^2.0.1",
      "vue-picture-swipe": "^1.2.0",
      "vue-pswipe": "^0.14.4",
      "vue-router": "^3.1.2",
      "vue-script2": "^2.1.0"
    },
    "devDependencies": {
      "@vue/cli-plugin-babel": "^3.11.0",
      "@vue/cli-plugin-eslint": "^3.11.0",
      "@vue/cli-service": "^3.11.0",
      "babel-eslint": "^10.0.1",
      "eslint": "^5.16.0",
      "eslint-plugin-vue": "^5.0.0",
      "node-sass": "^4.12.0",
      "sass-loader": "^7.3.1",
      "vue-markdown-loader": "^2.4.1",
      "vue-template-compiler": "^2.6.10"
    },
    "eslintConfig": {
      "root": true,
      "env": {
        "node": true
      },
      "extends": [
        "plugin:vue/essential",
        "eslint:recommended"
      ],
      "rules": {},
      "parserOptions": {
        "parser": "babel-eslint"
      }
    },
    "postcss": {
      "plugins": {
        "autoprefixer": {}
      }
    },
    "browserslist": [
      "> 1%",
      "last 2 versions",
      "not ie <= 8"
    ]
  }

yarn manifest: 
  No manifest

Lockfile: 
  No lockfile
